#
# A fatal error has been detected by the Java Runtime Environment:
#
#  EXCEPTION_ACCESS_VIOLATION (0xc0000005) at pc=0x00007ff8438bbc8a, pid=16576, tid=19884
#
# JRE version: OpenJDK Runtime Environment Temurin-17.0.1+12 (17.0.1+12) (build 17.0.1+12)
# Java VM: OpenJDK 64-Bit Server VM Temurin-17.0.1+12 (17.0.1+12, mixed mode, emulated-client, tiered, compressed oops, compressed class ptrs, g1 gc, windows-amd64)
# Problematic frame:
# V  [jvm.dll+0x79bc8a]
#
# No core dump will be written. Minidumps are not enabled by default on client versions of Windows
#
# If you would like to submit a bug report, please visit:
#   https://github.com/adoptium/adoptium-support/issues
#

---------------  S U M M A R Y ------------

Command Line: -XX:+ShowCodeDetailsInExceptionMessages -agentlib:jdwp=transport=dt_socket,suspend=y,address=localhost:61489 -Dcom.sun.management.jmxremote -Dcom.sun.management.jmxremote.port=61488 -Dcom.sun.management.jmxremote.authenticate=false -Dcom.sun.management.jmxremote.ssl=false -Djava.rmi.server.hostname=localhost -Dspring.jmx.enabled=true -Dspring.application.admin.enabled=true -XX:TieredStopAtLevel=1 -Dspring.boot.project.name=demo2 -javaagent:C:\Users\palas\OneDrive\Desktop\sts-4.13.1.RELEASE\configuration\org.eclipse.osgi\262\0\.cp\lib\javaagent-shaded.jar -Dfile.encoding=UTF-8 com.example.demo2.Demo2Application --spring.output.ansi.enabled=always

Host: Intel(R) Core(TM) i3-10100 CPU @ 3.60GHz, 8 cores, 7G,  Windows 10 , 64 bit Build 22621 (10.0.22621.1037)
Time: Thu Dec 22 17:33:37 2022 India Standard Time elapsed time: 514.851053 seconds (0d 0h 8m 34s)

---------------  T H R E A D  ---------------

Current thread (0x0000021c0cf2a820):  JavaThread "JDWP Transport Listener: dt_socket" daemon [_thread_in_vm, id=19884, stack(0x0000003b17e00000,0x0000003b17f00000)]

Stack: [0x0000003b17e00000,0x0000003b17f00000],  sp=0x0000003b17eff430,  free space=1021k
Native frames: (J=compiled Java code, j=interpreted, Vv=VM code, C=native code)
V  [jvm.dll+0x79bc8a]
V  [jvm.dll+0x507e6c]
V  [jvm.dll+0x4cf4d4]
C  [jdwp.dll+0x22dff]


siginfo: EXCEPTION_ACCESS_VIOLATION (0xc0000005), reading address 0x00000000015b015d


Register to memory mapping:

RIP=0x00007ff8438bbc8a jvm.dll
RAX=0x0000000000000158 is an unknown value
RBX=0x0000021c0cd0cbac points into unknown readable memory: 6c 3b 00 73
RCX=0x00000000015b0159 is an unknown value
RDX=0x0000021c11dfbfe0 points into unknown readable memory: 0x6178652f6d6f634c | 4c 63 6f 6d 2f 65 78 61
RSP=0x0000003b17eff430 is pointing into the stack for thread: 0x0000021c0cf2a820
RBP=0x0000021c0cf0efb0 points into unknown readable memory: 0x0053006e00000002 | 02 00 00 00 6e 00 53 00
RSI=0x0 is NULL
RDI=0xffffffffffffffff is an unknown value
R8 =0x000000000000003d is an unknown value
R9 =0x0000000000000040 is an unknown value
R10=0x0 is NULL
R11=0x0000003b17eff450 is pointing into the stack for thread: 0x0000021c0cf2a820
R12=0x0000003b17eff588 is pointing into the stack for thread: 0x0000021c0cf2a820
R13=0x0 is NULL
R14=0x00000001003849f8 is a pointer to class: 
com.example.demo2.service.UserServiceImpl {0x0000000100384a00}
 - instance size:     3
 - klass size:        78
 - access:            public synchronized 
 - state:             fully_initialized
 - name:              'com/example/demo2/service/UserServiceImpl'
 - super:             'java/lang/Object'
 - sub:               
 - arrays:            NULL
 - methods:           Array<T>(0x0000021c1338e8d8)
 - method ordering:   Array<T>(0x0000021c12c6d920)
 - default_methods:   Array<T>(0x0000000000000000)
 - local interfaces:  Array<T>(0x0000021c1011de08)
 - trans. interfaces: Array<T>(0x0000021c1011de08)
 - constants:         constant pool [398] {0x0000021c12940008} for 'com/example/demo2/service/UserServiceImpl' cache=0x0000021c13473b20
 - class loader data:  loader data: 0x0000021c0cea9710 for instance a 'jdk/internal/loader/ClassLoaders$AppClassLoader'{0x0000000085f015c8}
 - source file:       'UserServiceImpl.java'
 - source debug extension:       SMAP
UserServiceImpl.java
Java
*S jdt
*F
1 UserServiceImpl.java
2 file:/D:/projects/test%20project/demo2/target/classes/
*L
*E

 - class annotations:       Array<T>(0x0000021c1011e2b0)
 - class type annotations:  Array<T>(0x0000000000000000)
 - field annotations:       Array<T>(0x0000021c108b1e28)
 - field type annotations:  Array<T>(0x0000000000000000)
 - generic signature: '
[error occurred during error reporting (printing register info), id 0xc0000005, EXCEPTION_ACCESS_VIOLATION (0xc0000005) at pc=0x00007ff8438bc896]

Registers:
RAX=0x0000000000000158, RBX=0x0000021c0cd0cbac, RCX=0x00000000015b0159, RDX=0x0000021c11dfbfe0
RSP=0x0000003b17eff430, RBP=0x0000021c0cf0efb0, RSI=0x0000000000000000, RDI=0xffffffffffffffff
R8 =0x000000000000003d, R9 =0x0000000000000040, R10=0x0000000000000000, R11=0x0000003b17eff450
R12=0x0000003b17eff588, R13=0x0000000000000000, R14=0x00000001003849f8, R15=0x0000003b17eff5b0
RIP=0x00007ff8438bbc8a, EFLAGS=0x0000000000010206

Top of Stack: (sp=0x0000003b17eff430)
0x0000003b17eff430:   0000000000000029 00000001003849f8
0x0000003b17eff440:   0000021c11dfbd20 00007ff8a19cb1e1
0x0000003b17eff450:   ffffffffffffffff 00007ff843627e6c
0x0000003b17eff460:   0000021c0cd0cbac 0000021c0cd0cb80
0x0000003b17eff470:   0000021c0cf0efb0 0000000000000000
0x0000003b17eff480:   0000021c0cd0cb40 00000000000003d8
0x0000003b17eff490:   0000021c0cd0cb50 0000021c0cd0cf28
0x0000003b17eff4a0:   0000000000018801 0000003b17eff588
0x0000003b17eff4b0:   0000000000000007 0000021c0cf2aac8
0x0000003b17eff4c0:   0000000085c8fd20 00007ff8435ef4d4
0x0000003b17eff4d0:   0000021c0cf2a820 0000003b17eff5b0
0x0000003b17eff4e0:   0000021c7e0c27c0 0000003b17eff5b0
0x0000003b17eff4f0:   0000021c0cf2a820 0000000000000000
0x0000003b17eff500:   0000000000000000 0000000000000000
0x0000003b17eff510:   0000021c0e89b6b0 00007ff899112dff
0x0000003b17eff520:   0000003b17eff5a8 00007ff899121aa0 

Instructions: (pc=0x00007ff8438bbc8a)
0x00007ff8438bbb8a:   48 83 c4 20 5f e9 3c a2 90 ff cc cc cc cc cc cc
0x00007ff8438bbb9a:   cc cc cc cc cc cc 48 89 5c 24 08 57 48 83 ec 20
0x00007ff8438bbbaa:   83 fa 02 8d 42 06 b9 08 00 00 00 49 8b d8 0f 4e
0x00007ff8438bbbba:   c1 48 63 c8 48 83 c1 07 83 e1 f8 48 63 f9 49 8b
0x00007ff8438bbbca:   48 18 48 8b c7 48 f7 d0 48 3b c1 73 16 4c 8d 05
0x00007ff8438bbbda:   5a 55 17 00 48 8b d7 48 8b cb e8 47 05 91 ff 48
0x00007ff8438bbbea:   8b 4b 18 48 8d 04 39 48 3b 43 20 76 18 45 33 c0
0x00007ff8438bbbfa:   48 8b d7 48 8b cb 48 8b 5c 24 30 48 83 c4 20 5f
0x00007ff8438bbc0a:   e9 a1 01 91 ff 48 89 43 18 48 8b c1 48 8b 5c 24
0x00007ff8438bbc1a:   30 48 83 c4 20 5f c3 cc cc cc cc cc cc cc cc cc
0x00007ff8438bbc2a:   cc cc cc cc cc cc 4c 8b d2 4c 8b d9 45 85 c0 7e
0x00007ff8438bbc3a:   3c 44 0f b7 49 04 41 8d 40 ff 41 3b c1 44 0f 4c
0x00007ff8438bbc4a:   c8 4d 63 c1 45 85 c9 7e 1f 48 8b c2 4c 2b da 49
0x00007ff8438bbc5a:   8b d0 0f 1f 40 00 41 0f b6 4c 03 06 88 08 48 8d
0x00007ff8438bbc6a:   40 01 48 83 ea 01 75 ee 43 c6 04 10 00 49 8b c2
0x00007ff8438bbc7a:   c3 cc cc cc cc cc 48 89 5c 24 08 57 48 83 ec 20
0x00007ff8438bbc8a:   0f b7 59 04 48 8b f9 33 d2 48 8d 4b 01 e8 24 e8
0x00007ff8438bbc9a:   f2 ff 0f b7 57 04 4c 8b c0 3b da 0f 42 d3 44 8b
0x00007ff8438bbcaa:   ca 85 d2 74 39 48 2b f8 0f 1f 40 00 66 66 0f 1f
0x00007ff8438bbcba:   84 00 00 00 00 00 0f b6 4c 07 06 88 08 48 ff c0
0x00007ff8438bbcca:   48 8b c8 49 2b c8 49 3b c9 7c eb 42 c6 04 02 00
0x00007ff8438bbcda:   49 8b c0 48 8b 5c 24 30 48 83 c4 20 5f c3 48 8b
0x00007ff8438bbcea:   5c 24 30 c6 04 02 00 48 83 c4 20 5f c3 cc cc cc
0x00007ff8438bbcfa:   cc cc cc cc cc cc 4c 8b d1 45 85 c0 7e 6c 44 0f
0x00007ff8438bbd0a:   b7 49 04 41 8d 40 ff 41 3b c1 44 0f 4c c8 4d 63
0x00007ff8438bbd1a:   d9 45 85 c9 7e 22 48 8b ca 4c 2b d2 4d 8b c3 0f
0x00007ff8438bbd2a:   1f 80 00 00 00 00 41 0f b6 44 0a 06 88 01 48 8d
0x00007ff8438bbd3a:   49 01 49 83 e8 01 75 ee 41 c6 04 13 00 48 c7 c0
0x00007ff8438bbd4a:   ff ff ff ff 66 90 48 ff c0 80 3c 02 00 75 f7 48
0x00007ff8438bbd5a:   63 c8 85 c0 48 8b c2 7e 14 80 38 2f 75 03 c6 00
0x00007ff8438bbd6a:   2e 48 ff c0 48 83 e9 01 75 ef 48 8b c2 c3 cc cc
0x00007ff8438bbd7a:   cc cc cc cc cc cc 48 83 ec 28 e8 f7 fe ff ff 4c 


Stack slot to memory mapping:
stack at sp + 0 slots: 0x0000000000000029 is an unknown value
stack at sp + 1 slots: 0x00000001003849f8 is a pointer to class: 
com.example.demo2.service.UserServiceImpl {0x0000000100384a00}
 - instance size:     3
 - klass size:        78
 - access:            public synchronized 
 - state:             fully_initialized
 - name:              'com/example/demo2/service/UserServiceImpl'
 - super:             'java/lang/Object'
 - sub:               
 - arrays:            NULL
 - methods:           Array<T>(0x0000021c1338e8d8)
 - method ordering:   Array<T>(0x0000021c12c6d920)
 - default_methods:   Array<T>(0x0000000000000000)
 - local interfaces:  Array<T>(0x0000021c1011de08)
 - trans. interfaces: Array<T>(0x0000021c1011de08)
 - constants:         constant pool [398] {0x0000021c12940008} for 'com/example/demo2/service/UserServiceImpl' cache=0x0000021c13473b20
 - class loader data:  loader data: 0x0000021c0cea9710 for instance a 'jdk/internal/loader/ClassLoaders$AppClassLoader'{0x0000000085f015c8}
 - source file:       'UserServiceImpl.java'
 - source debug extension:       SMAP
UserServiceImpl.java
Java
*S jdt
*F
1 UserServiceImpl.java
2 file:/D:/projects/test%20project/demo2/target/classes/
*L
*E

 - class annotations:       Array<T>(0x0000021c1011e2b0)
 - class type annotations:  Array<T>(0x0000000000000000)
 - field annotations:       Array<T>(0x0000021c108b1e28)
 - field type annotations:  Array<T>(0x0000000000000000)
 - generic signature: '
[error occurred during error reporting (inspecting top of stack), id 0xc0000005, EXCEPTION_ACCESS_VIOLATION (0xc0000005) at pc=0x00007ff8438bc896]


---------------  P R O C E S S  ---------------

Threads class SMR info:
_java_thread_list=0x0000021c0f7118d0, length=37, elements={
0x0000021c7f8f8f70, 0x0000021c7f8fa0c0, 0x0000021c7f940f00, 0x0000021c7f9417c0,
0x0000021c7f943040, 0x0000021c0cd08070, 0x0000021c0cd0a5b0, 0x0000021c0cd0b650,
0x0000021c0cdfeee0, 0x0000021c0cf2a820, 0x0000021c0cf2e6e0, 0x0000021c0cf30ee0,
0x0000021c0ce006f0, 0x0000021c0ce00bc0, 0x0000021c0ce01560, 0x0000021c0cdff3b0,
0x0000021c0cdff880, 0x0000021c0cdfe540, 0x0000021c0cdffd50, 0x0000021c0f641a10,
0x0000021c0f641ee0, 0x0000021c0f644090, 0x0000021c0f642880, 0x0000021c0f644560,
0x0000021c0f644a30, 0x0000021c0f643220, 0x0000021c0f6436f0, 0x0000021c11da83b0,
0x0000021c11dad0b0, 0x0000021c11da96f0, 0x0000021c11da9220, 0x0000021c11daa560,
0x0000021c11daaf00, 0x0000021c11dacbe0, 0x0000021c11dad580, 0x0000021c11dac240,
0x0000021c11da9bc0
}

Java Threads: ( => current thread )
  0x0000021c7f8f8f70 JavaThread "Reference Handler" daemon [_thread_blocked, id=23064, stack(0x0000003b17400000,0x0000003b17500000)]
  0x0000021c7f8fa0c0 JavaThread "Finalizer" daemon [_thread_blocked, id=24752, stack(0x0000003b17500000,0x0000003b17600000)]
  0x0000021c7f940f00 JavaThread "Signal Dispatcher" daemon [_thread_blocked, id=20756, stack(0x0000003b17600000,0x0000003b17700000)]
  0x0000021c7f9417c0 JavaThread "Attach Listener" daemon [_thread_blocked, id=26136, stack(0x0000003b17700000,0x0000003b17800000)]
  0x0000021c7f943040 JavaThread "Service Thread" daemon [_thread_blocked, id=18572, stack(0x0000003b17800000,0x0000003b17900000)]
  0x0000021c0cd08070 JavaThread "Monitor Deflation Thread" daemon [_thread_blocked, id=17764, stack(0x0000003b17900000,0x0000003b17a00000)]
  0x0000021c0cd0a5b0 JavaThread "C1 CompilerThread0" daemon [_thread_blocked, id=19892, stack(0x0000003b17a00000,0x0000003b17b00000)]
  0x0000021c0cd0b650 JavaThread "Sweeper thread" daemon [_thread_blocked, id=22184, stack(0x0000003b17b00000,0x0000003b17c00000)]
  0x0000021c0cdfeee0 JavaThread "Common-Cleaner" daemon [_thread_blocked, id=23924, stack(0x0000003b17c00000,0x0000003b17d00000)]
=>0x0000021c0cf2a820 JavaThread "JDWP Transport Listener: dt_socket" daemon [_thread_in_vm, id=19884, stack(0x0000003b17e00000,0x0000003b17f00000)]
  0x0000021c0cf2e6e0 JavaThread "JDWP Event Helper Thread" daemon [_thread_blocked, id=24040, stack(0x0000003b17f00000,0x0000003b18000000)]
  0x0000021c0cf30ee0 JavaThread "JDWP Command Reader" daemon [_thread_in_native, id=26424, stack(0x0000003b18000000,0x0000003b18100000)]
  0x0000021c0ce006f0 JavaThread "Notification Thread" daemon [_thread_blocked, id=25144, stack(0x0000003b18100000,0x0000003b18200000)]
  0x0000021c0ce00bc0 JavaThread "RMI TCP Accept-0" daemon [_thread_in_native, id=26504, stack(0x0000003b18200000,0x0000003b18300000)]
  0x0000021c0ce01560 JavaThread "RMI TCP Accept-61488" daemon [_thread_in_native, id=26540, stack(0x0000003b18300000,0x0000003b18400000)]
  0x0000021c0cdff3b0 JavaThread "RMI TCP Accept-0" daemon [_thread_in_native, id=26388, stack(0x0000003b18400000,0x0000003b18500000)]
  0x0000021c0cdff880 JavaThread "RMI Scheduler(0)" daemon [_thread_blocked, id=19372, stack(0x0000003b19200000,0x0000003b19300000)]
  0x0000021c0cdfe540 JavaThread "RMI TCP Connection(idle)" daemon [_thread_blocked, id=23776, stack(0x0000003b19300000,0x0000003b19400000)]
  0x0000021c0cdffd50 JavaThread "JMX server connection timeout 26" daemon [_thread_blocked, id=19672, stack(0x0000003b19400000,0x0000003b19500000)]
  0x0000021c0f641a10 JavaThread "mysql-cj-abandoned-connection-cleanup" daemon [_thread_blocked, id=25564, stack(0x0000003b18f00000,0x0000003b19000000)]
  0x0000021c0f641ee0 JavaThread "HikariPool-1 housekeeper" daemon [_thread_blocked, id=2108, stack(0x0000003b19600000,0x0000003b19700000)]
  0x0000021c0f644090 JavaThread "Catalina-utility-1" [_thread_blocked, id=19248, stack(0x0000003b19800000,0x0000003b19900000)]
  0x0000021c0f642880 JavaThread "Catalina-utility-2" [_thread_blocked, id=20364, stack(0x0000003b19900000,0x0000003b19a00000)]
  0x0000021c0f644560 JavaThread "container-0" [_thread_blocked, id=15096, stack(0x0000003b19a00000,0x0000003b19b00000)]
  0x0000021c0f644a30 JavaThread "http-nio-8081-exec-1" daemon [_thread_blocked, id=19000, stack(0x0000003b19b00000,0x0000003b19c00000)]
  0x0000021c0f643220 JavaThread "http-nio-8081-exec-2" daemon [_thread_blocked, id=23500, stack(0x0000003b19c00000,0x0000003b19d00000)]
  0x0000021c0f6436f0 JavaThread "http-nio-8081-exec-3" daemon [_thread_blocked, id=23496, stack(0x0000003b19d00000,0x0000003b19e00000)]
  0x0000021c11da83b0 JavaThread "http-nio-8081-exec-4" daemon [_thread_blocked, id=24900, stack(0x0000003b19e00000,0x0000003b19f00000)]
  0x0000021c11dad0b0 JavaThread "http-nio-8081-exec-5" daemon [_thread_blocked, id=14836, stack(0x0000003b19f00000,0x0000003b1a000000)]
  0x0000021c11da96f0 JavaThread "http-nio-8081-exec-6" daemon [_thread_blocked, id=14276, stack(0x0000003b1a000000,0x0000003b1a100000)]
  0x0000021c11da9220 JavaThread "http-nio-8081-exec-7" daemon [_thread_blocked, id=25024, stack(0x0000003b1a100000,0x0000003b1a200000)]
  0x0000021c11daa560 JavaThread "http-nio-8081-exec-8" daemon [_thread_blocked, id=20892, stack(0x0000003b1a200000,0x0000003b1a300000)]
  0x0000021c11daaf00 JavaThread "http-nio-8081-exec-9" daemon [_thread_blocked, id=18644, stack(0x0000003b1a300000,0x0000003b1a400000)]
  0x0000021c11dacbe0 JavaThread "http-nio-8081-exec-10" daemon [_thread_blocked, id=12916, stack(0x0000003b1a400000,0x0000003b1a500000)]
  0x0000021c11dad580 JavaThread "http-nio-8081-Poller" daemon [_thread_in_native, id=6372, stack(0x0000003b1a500000,0x0000003b1a600000)]
  0x0000021c11dac240 JavaThread "http-nio-8081-Acceptor" daemon [_thread_in_native, id=18804, stack(0x0000003b1a600000,0x0000003b1a700000)]
  0x0000021c11da9bc0 JavaThread "DestroyJavaVM" [_thread_blocked, id=10504, stack(0x0000003b16d00000,0x0000003b16e00000)]

Other Threads:
  0x0000021c7f8f2180 VMThread "VM Thread" [stack: 0x0000003b17300000,0x0000003b17400000] [id=25056]
  0x0000021c0d8bbeb0 WatcherThread [stack: 0x0000003b18500000,0x0000003b18600000] [id=22520]
  0x0000021c7c07ecb0 GCTaskThread "GC Thread#0" [stack: 0x0000003b16e00000,0x0000003b16f00000] [id=20232]
  0x0000021c0db52a00 GCTaskThread "GC Thread#1" [stack: 0x0000003b18600000,0x0000003b18700000] [id=23540]
  0x0000021c0dc334e0 GCTaskThread "GC Thread#2" [stack: 0x0000003b18700000,0x0000003b18800000] [id=4756]
  0x0000021c0dc357a0 GCTaskThread "GC Thread#3" [stack: 0x0000003b18800000,0x0000003b18900000] [id=25164]
  0x0000021c0dc35e60 GCTaskThread "GC Thread#4" [stack: 0x0000003b18900000,0x0000003b18a00000] [id=19608]
  0x0000021c0dc36110 GCTaskThread "GC Thread#5" [stack: 0x0000003b18a00000,0x0000003b18b00000] [id=25472]
  0x0000021c0dc376e0 GCTaskThread "GC Thread#6" [stack: 0x0000003b18b00000,0x0000003b18c00000] [id=24692]
  0x0000021c0dc37180 GCTaskThread "GC Thread#7" [stack: 0x0000003b18c00000,0x0000003b18d00000] [id=22972]
  0x0000021c7e11bf60 ConcurrentGCThread "G1 Main Marker" [stack: 0x0000003b16f00000,0x0000003b17000000] [id=25420]
  0x0000021c7e11e120 ConcurrentGCThread "G1 Conc#0" [stack: 0x0000003b17000000,0x0000003b17100000] [id=21508]
  0x0000021c0dc38700 ConcurrentGCThread "G1 Conc#1" [stack: 0x0000003b19000000,0x0000003b19100000] [id=11156]
  0x0000021c7f760090 ConcurrentGCThread "G1 Refine#0" [stack: 0x0000003b17100000,0x0000003b17200000] [id=18932]
  0x0000021c7e188060 ConcurrentGCThread "G1 Service" [stack: 0x0000003b17200000,0x0000003b17300000] [id=26404]

Threads with active compile tasks:

VM state: not at safepoint (normal execution)

VM Mutex/Monitor currently owned by a thread: None

Heap address: 0x0000000085800000, size: 1960 MB, Compressed Oops mode: 32-bit

CDS archive(s) not mapped
Compressed class space mapped at: 0x0000000100000000-0x0000000140000000, reserved size: 1073741824
Narrow klass base: 0x0000000000000000, Narrow klass shift: 3, Narrow klass range: 0x140000000

GC Precious Log:
 CPUs: 8 total, 8 available
 Memory: 7835M
 Large Page Support: Disabled
 NUMA Support: Disabled
 Compressed Oops: Enabled (32-bit)
 Heap Region Size: 1M
 Heap Min Capacity: 8M
 Heap Initial Capacity: 124M
 Heap Max Capacity: 1960M
 Pre-touch: Disabled
 Parallel Workers: 8
 Concurrent Workers: 2
 Concurrent Refinement Workers: 8
 Periodic GC: Disabled

Heap:
 garbage-first heap   total 89088K, used 71310K [0x0000000085800000, 0x0000000100000000)
  region size 1024K, 48 young (49152K), 2 survivors (2048K)
 Metaspace       used 71034K, committed 71424K, reserved 1114112K
  class space    used 9471K, committed 9664K, reserved 1048576K

Heap Regions: E=young(eden), S=young(survivor), O=old, HS=humongous(starts), HC=humongous(continues), CS=collection set, F=free, OA=open archive, CA=closed archive, TAMS=top-at-mark-start (previous, next)
|   0|0x0000000085800000, 0x0000000085900000, 0x0000000085900000|100%|HS|  |TAMS 0x0000000085900000, 0x0000000085800000| Complete 
|   1|0x0000000085900000, 0x0000000085a00000, 0x0000000085a00000|100%| O|  |TAMS 0x0000000085a00000, 0x0000000085900000| Untracked 
|   2|0x0000000085a00000, 0x0000000085b00000, 0x0000000085b00000|100%| O|  |TAMS 0x0000000085b00000, 0x0000000085a00000| Untracked 
|   3|0x0000000085b00000, 0x0000000085c00000, 0x0000000085c00000|100%| O|  |TAMS 0x0000000085c00000, 0x0000000085b00000| Untracked 
|   4|0x0000000085c00000, 0x0000000085d00000, 0x0000000085d00000|100%| O|  |TAMS 0x0000000085d00000, 0x0000000085c00000| Untracked 
|   5|0x0000000085d00000, 0x0000000085e00000, 0x0000000085e00000|100%| O|  |TAMS 0x0000000085e00000, 0x0000000085d00000| Untracked 
|   6|0x0000000085e00000, 0x0000000085f00000, 0x0000000085f00000|100%| O|  |TAMS 0x0000000085f00000, 0x0000000085e00000| Untracked 
|   7|0x0000000085f00000, 0x0000000086000000, 0x0000000086000000|100%| O|  |TAMS 0x0000000086000000, 0x0000000085f00000| Untracked 
|   8|0x0000000086000000, 0x0000000086100000, 0x0000000086100000|100%| O|  |TAMS 0x0000000086100000, 0x0000000086000000| Untracked 
|   9|0x0000000086100000, 0x0000000086200000, 0x0000000086200000|100%| O|  |TAMS 0x0000000086200000, 0x0000000086100000| Untracked 
|  10|0x0000000086200000, 0x0000000086300000, 0x0000000086300000|100%| O|  |TAMS 0x0000000086300000, 0x0000000086200000| Untracked 
|  11|0x0000000086300000, 0x00000000863fb800, 0x0000000086400000| 98%| O|  |TAMS 0x00000000863fb800, 0x0000000086300000| Untracked 
|  12|0x0000000086400000, 0x0000000086500000, 0x0000000086500000|100%| O|  |TAMS 0x0000000086500000, 0x0000000086400000| Untracked 
|  13|0x0000000086500000, 0x0000000086600000, 0x0000000086600000|100%| O|  |TAMS 0x0000000086600000, 0x0000000086500000| Untracked 
|  14|0x0000000086600000, 0x0000000086700000, 0x0000000086700000|100%| O|  |TAMS 0x0000000086700000, 0x0000000086600000| Untracked 
|  15|0x0000000086700000, 0x0000000086800000, 0x0000000086800000|100%| O|  |TAMS 0x0000000086800000, 0x0000000086700000| Untracked 
|  16|0x0000000086800000, 0x0000000086800000, 0x0000000086900000|  0%| F|  |TAMS 0x0000000086800000, 0x0000000086800000| Untracked 
|  17|0x0000000086900000, 0x0000000086a00000, 0x0000000086a00000|100%| O|  |TAMS 0x0000000086900000, 0x0000000086900000| Untracked 
|  18|0x0000000086a00000, 0x0000000086b00000, 0x0000000086b00000|100%| O|  |TAMS 0x0000000086a00000, 0x0000000086a00000| Untracked 
|  19|0x0000000086b00000, 0x0000000086c00000, 0x0000000086c00000|100%| O|  |TAMS 0x0000000086c00000, 0x0000000086b00000| Untracked 
|  20|0x0000000086c00000, 0x0000000086d00000, 0x0000000086d00000|100%| O|  |TAMS 0x0000000086c00000, 0x0000000086c00000| Untracked 
|  21|0x0000000086d00000, 0x0000000086e00000, 0x0000000086e00000|100%| O|  |TAMS 0x0000000086d00000, 0x0000000086d00000| Untracked 
|  22|0x0000000086e00000, 0x0000000086f00000, 0x0000000086f00000|100%| O|  |TAMS 0x0000000086e00000, 0x0000000086e00000| Untracked 
|  23|0x0000000086f00000, 0x0000000087000000, 0x0000000087000000|100%| O|  |TAMS 0x0000000086f00000, 0x0000000086f00000| Untracked 
|  24|0x0000000087000000, 0x00000000870abc00, 0x0000000087100000| 67%| O|  |TAMS 0x0000000087000000, 0x0000000087000000| Untracked 
|  25|0x0000000087100000, 0x0000000087100000, 0x0000000087200000|  0%| F|  |TAMS 0x0000000087100000, 0x0000000087100000| Untracked 
|  26|0x0000000087200000, 0x0000000087200000, 0x0000000087300000|  0%| F|  |TAMS 0x0000000087200000, 0x0000000087200000| Untracked 
|  27|0x0000000087300000, 0x0000000087300000, 0x0000000087400000|  0%| F|  |TAMS 0x0000000087300000, 0x0000000087300000| Untracked 
|  28|0x0000000087400000, 0x0000000087400000, 0x0000000087500000|  0%| F|  |TAMS 0x0000000087400000, 0x0000000087400000| Untracked 
|  29|0x0000000087500000, 0x0000000087500000, 0x0000000087600000|  0%| F|  |TAMS 0x0000000087500000, 0x0000000087500000| Untracked 
|  30|0x0000000087600000, 0x0000000087600000, 0x0000000087700000|  0%| F|  |TAMS 0x0000000087600000, 0x0000000087600000| Untracked 
|  31|0x0000000087700000, 0x0000000087700000, 0x0000000087800000|  0%| F|  |TAMS 0x0000000087700000, 0x0000000087700000| Untracked 
|  32|0x0000000087800000, 0x0000000087800000, 0x0000000087900000|  0%| F|  |TAMS 0x0000000087800000, 0x0000000087800000| Untracked 
|  33|0x0000000087900000, 0x0000000087900000, 0x0000000087a00000|  0%| F|  |TAMS 0x0000000087900000, 0x0000000087900000| Untracked 
|  34|0x0000000087a00000, 0x0000000087a00000, 0x0000000087b00000|  0%| F|  |TAMS 0x0000000087a00000, 0x0000000087a00000| Untracked 
|  35|0x0000000087b00000, 0x0000000087b00000, 0x0000000087c00000|  0%| F|  |TAMS 0x0000000087b00000, 0x0000000087b00000| Untracked 
|  36|0x0000000087c00000, 0x0000000087cfc7f8, 0x0000000087d00000| 98%| S|CS|TAMS 0x0000000087c00000, 0x0000000087c00000| Complete 
|  37|0x0000000087d00000, 0x0000000087e00000, 0x0000000087e00000|100%| S|CS|TAMS 0x0000000087d00000, 0x0000000087d00000| Complete 
|  38|0x0000000087e00000, 0x0000000087e00000, 0x0000000087f00000|  0%| F|  |TAMS 0x0000000087e00000, 0x0000000087e00000| Untracked 
|  39|0x0000000087f00000, 0x0000000087f00000, 0x0000000088000000|  0%| F|  |TAMS 0x0000000087f00000, 0x0000000087f00000| Untracked 
|  40|0x0000000088000000, 0x0000000088000000, 0x0000000088100000|  0%| F|  |TAMS 0x0000000088000000, 0x0000000088000000| Untracked 
|  41|0x0000000088100000, 0x00000000881ef6b8, 0x0000000088200000| 93%| E|  |TAMS 0x0000000088100000, 0x0000000088100000| Complete 
|  42|0x0000000088200000, 0x0000000088300000, 0x0000000088300000|100%| E|CS|TAMS 0x0000000088200000, 0x0000000088200000| Complete 
|  43|0x0000000088300000, 0x00000000883ffc68, 0x0000000088400000| 99%| E|  |TAMS 0x0000000088300000, 0x0000000088300000| Complete 
|  44|0x0000000088400000, 0x0000000088500000, 0x0000000088500000|100%| E|CS|TAMS 0x0000000088400000, 0x0000000088400000| Complete 
|  45|0x0000000088500000, 0x0000000088600000, 0x0000000088600000|100%| E|CS|TAMS 0x0000000088500000, 0x0000000088500000| Complete 
|  46|0x0000000088600000, 0x0000000088700000, 0x0000000088700000|100%| E|CS|TAMS 0x0000000088600000, 0x0000000088600000| Complete 
|  47|0x0000000088700000, 0x0000000088800000, 0x0000000088800000|100%| E|CS|TAMS 0x0000000088700000, 0x0000000088700000| Complete 
|  48|0x0000000088800000, 0x0000000088900000, 0x0000000088900000|100%| E|CS|TAMS 0x0000000088800000, 0x0000000088800000| Complete 
|  49|0x0000000088900000, 0x0000000088a00000, 0x0000000088a00000|100%| E|CS|TAMS 0x0000000088900000, 0x0000000088900000| Complete 
|  50|0x0000000088a00000, 0x0000000088b00000, 0x0000000088b00000|100%| E|CS|TAMS 0x0000000088a00000, 0x0000000088a00000| Complete 
|  51|0x0000000088b00000, 0x0000000088c00000, 0x0000000088c00000|100%| E|CS|TAMS 0x0000000088b00000, 0x0000000088b00000| Complete 
|  52|0x0000000088c00000, 0x0000000088d00000, 0x0000000088d00000|100%| E|CS|TAMS 0x0000000088c00000, 0x0000000088c00000| Complete 
|  53|0x0000000088d00000, 0x0000000088e00000, 0x0000000088e00000|100%| E|CS|TAMS 0x0000000088d00000, 0x0000000088d00000| Complete 
|  54|0x0000000088e00000, 0x0000000088f00000, 0x0000000088f00000|100%| E|CS|TAMS 0x0000000088e00000, 0x0000000088e00000| Complete 
|  55|0x0000000088f00000, 0x0000000089000000, 0x0000000089000000|100%| E|CS|TAMS 0x0000000088f00000, 0x0000000088f00000| Complete 
|  56|0x0000000089000000, 0x0000000089100000, 0x0000000089100000|100%| E|CS|TAMS 0x0000000089000000, 0x0000000089000000| Complete 
|  57|0x0000000089100000, 0x0000000089200000, 0x0000000089200000|100%| E|CS|TAMS 0x0000000089100000, 0x0000000089100000| Complete 
|  58|0x0000000089200000, 0x0000000089300000, 0x0000000089300000|100%| E|CS|TAMS 0x0000000089200000, 0x0000000089200000| Complete 
|  59|0x0000000089300000, 0x0000000089400000, 0x0000000089400000|100%| E|CS|TAMS 0x0000000089300000, 0x0000000089300000| Complete 
|  60|0x0000000089400000, 0x0000000089500000, 0x0000000089500000|100%| E|CS|TAMS 0x0000000089400000, 0x0000000089400000| Complete 
|  61|0x0000000089500000, 0x0000000089600000, 0x0000000089600000|100%| E|CS|TAMS 0x0000000089500000, 0x0000000089500000| Complete 
|  62|0x0000000089600000, 0x0000000089700000, 0x0000000089700000|100%| E|CS|TAMS 0x0000000089600000, 0x0000000089600000| Complete 
|  63|0x0000000089700000, 0x0000000089800000, 0x0000000089800000|100%| E|CS|TAMS 0x0000000089700000, 0x0000000089700000| Complete 
|  64|0x0000000089800000, 0x0000000089900000, 0x0000000089900000|100%| E|CS|TAMS 0x0000000089800000, 0x0000000089800000| Complete 
|  65|0x0000000089900000, 0x0000000089a00000, 0x0000000089a00000|100%| E|CS|TAMS 0x0000000089900000, 0x0000000089900000| Complete 
|  66|0x0000000089a00000, 0x0000000089b00000, 0x0000000089b00000|100%| E|CS|TAMS 0x0000000089a00000, 0x0000000089a00000| Complete 
|  67|0x0000000089b00000, 0x0000000089c00000, 0x0000000089c00000|100%| E|CS|TAMS 0x0000000089b00000, 0x0000000089b00000| Complete 
|  68|0x0000000089c00000, 0x0000000089d00000, 0x0000000089d00000|100%| E|CS|TAMS 0x0000000089c00000, 0x0000000089c00000| Complete 
|  69|0x0000000089d00000, 0x0000000089e00000, 0x0000000089e00000|100%| E|CS|TAMS 0x0000000089d00000, 0x0000000089d00000| Complete 
|  70|0x0000000089e00000, 0x0000000089f00000, 0x0000000089f00000|100%| E|CS|TAMS 0x0000000089e00000, 0x0000000089e00000| Complete 
|  71|0x0000000089f00000, 0x000000008a000000, 0x000000008a000000|100%| E|CS|TAMS 0x0000000089f00000, 0x0000000089f00000| Complete 
|  72|0x000000008a000000, 0x000000008a100000, 0x000000008a100000|100%| E|CS|TAMS 0x000000008a000000, 0x000000008a000000| Complete 
|  73|0x000000008a100000, 0x000000008a200000, 0x000000008a200000|100%| E|CS|TAMS 0x000000008a100000, 0x000000008a100000| Complete 
|  74|0x000000008a200000, 0x000000008a300000, 0x000000008a300000|100%| E|CS|TAMS 0x000000008a200000, 0x000000008a200000| Complete 
|  75|0x000000008a300000, 0x000000008a400000, 0x000000008a400000|100%| E|CS|TAMS 0x000000008a300000, 0x000000008a300000| Complete 
|  76|0x000000008a400000, 0x000000008a500000, 0x000000008a500000|100%| E|CS|TAMS 0x000000008a400000, 0x000000008a400000| Complete 
|  77|0x000000008a500000, 0x000000008a600000, 0x000000008a600000|100%| E|CS|TAMS 0x000000008a500000, 0x000000008a500000| Complete 
|  78|0x000000008a600000, 0x000000008a700000, 0x000000008a700000|100%| E|CS|TAMS 0x000000008a600000, 0x000000008a600000| Complete 
|  79|0x000000008a700000, 0x000000008a800000, 0x000000008a800000|100%| E|CS|TAMS 0x000000008a700000, 0x000000008a700000| Complete 
|  80|0x000000008a800000, 0x000000008a900000, 0x000000008a900000|100%| E|CS|TAMS 0x000000008a800000, 0x000000008a800000| Complete 
|  81|0x000000008a900000, 0x000000008aa00000, 0x000000008aa00000|100%| E|CS|TAMS 0x000000008a900000, 0x000000008a900000| Complete 
|  82|0x000000008aa00000, 0x000000008ab00000, 0x000000008ab00000|100%| E|CS|TAMS 0x000000008aa00000, 0x000000008aa00000| Complete 
|  83|0x000000008ab00000, 0x000000008ac00000, 0x000000008ac00000|100%| E|CS|TAMS 0x000000008ab00000, 0x000000008ab00000| Complete 
|  96|0x000000008b800000, 0x000000008b900000, 0x000000008b900000|100%| E|CS|TAMS 0x000000008b800000, 0x000000008b800000| Complete 
| 122|0x000000008d200000, 0x000000008d300000, 0x000000008d300000|100%| E|CS|TAMS 0x000000008d200000, 0x000000008d200000| Complete 
| 123|0x000000008d300000, 0x000000008d400000, 0x000000008d400000|100%| E|CS|TAMS 0x000000008d300000, 0x000000008d300000| Complete 

Card table byte_map: [0x0000021c7e680000,0x0000021c7ea60000] _byte_map_base: 0x0000021c7e254000

Marking Bits (Prev, Next): (CMBitMap*) 0x0000021c7e10c170, (CMBitMap*) 0x0000021c7e10c130
 Prev Bits: [0x0000021c08470000, 0x0000021c0a310000)
 Next Bits: [0x0000021c065d0000, 0x0000021c08470000)

Polling page: 0x0000021c7d890000

Metaspace:

Usage:
  Non-class:     60.12 MB used.
      Class:      9.25 MB used.
       Both:     69.37 MB used.

Virtual space:
  Non-class space:       64.00 MB reserved,      60.31 MB ( 94%) committed,  8 nodes.
      Class space:        1.00 GB reserved,       9.44 MB ( <1%) committed,  1 nodes.
             Both:        1.06 GB reserved,      69.75 MB (  6%) committed. 

Chunk freelists:
   Non-Class:  3.52 MB
       Class:  2.41 MB
        Both:  5.92 MB

MaxMetaspaceSize: unlimited
CompressedClassSpaceSize: 1.00 GB
Initial GC threshold: 21.00 MB
Current GC threshold: 98.75 MB
CDS: off
MetaspaceReclaimPolicy: balanced
 - commit_granule_bytes: 65536.
 - commit_granule_words: 8192.
 - virtual_space_node_default_size: 1048576.
 - enlarge_chunks_in_place: 1.
 - new_chunks_are_fully_committed: 0.
 - uncommit_free_chunks: 1.
 - use_allocation_guard: 0.
 - handle_deallocations: 1.


Internal statistics:

num_allocs_failed_limit: 9.
num_arena_births: 492.
num_arena_deaths: 0.
num_vsnodes_births: 9.
num_vsnodes_deaths: 0.
num_space_committed: 1116.
num_space_uncommitted: 0.
num_chunks_returned_to_freelist: 9.
num_chunks_taken_from_freelist: 2687.
num_chunk_merges: 9.
num_chunk_splits: 1907.
num_chunks_enlarged: 1507.
num_purges: 0.
num_inconsistent_stats: 0.

CodeCache: size=49152Kb used=11280Kb max_used=12652Kb free=37871Kb
 bounds [0x0000021c035d0000, 0x0000021c04230000, 0x0000021c065d0000]
 total_blobs=6501 nmethods=5858 adapters=569
 compilation: enabled
              stopped_count=0, restarted_count=0
 full_count=0

Compilation events (20 events):
Event: 323.899 Thread 0x0000021c0cd0a5b0 5849       1       java.util.Comparator$$Lambda$1115/0x000000010067a1d0::compare (10 bytes)
Event: 323.900 Thread 0x0000021c0cd0a5b0 nmethod 5849 0x0000021c03746290 code [0x0000021c03746440, 0x0000021c03746638]
Event: 323.900 Thread 0x0000021c0cd0a5b0 5850       1       java.util.Comparator::lambda$comparingLong$6043328a$1 (18 bytes)
Event: 323.900 Thread 0x0000021c0cd0a5b0 nmethod 5850 0x0000021c03745e90 code [0x0000021c03746040, 0x0000021c037461f8]
Event: 343.840 Thread 0x0000021c0cd0a5b0 5851       1       com.mysql.cj.jdbc.ConnectionImpl::getPropertySet (5 bytes)
Event: 343.841 Thread 0x0000021c0cd0a5b0 nmethod 5851 0x0000021c03745b90 code [0x0000021c03745d20, 0x0000021c03745df8]
Event: 343.843 Thread 0x0000021c0cd0a5b0 5852       1       org.springframework.core.convert.support.GenericConversionService::addConverter (100 bytes)
Event: 343.844 Thread 0x0000021c0cd0a5b0 nmethod 5852 0x0000021c03744e90 code [0x0000021c03745100, 0x0000021c037457a8]
Event: 343.844 Thread 0x0000021c0cd0a5b0 5853       1       org.springframework.data.util.Pair::getSecond (5 bytes)
Event: 343.844 Thread 0x0000021c0cd0a5b0 nmethod 5853 0x0000021c03744b90 code [0x0000021c03744d20, 0x0000021c03744df8]
Event: 403.972 Thread 0x0000021c0cd0a5b0 5854       1       java.util.EventObject::getSource (5 bytes)
Event: 403.972 Thread 0x0000021c0cd0a5b0 nmethod 5854 0x0000021c03744890 code [0x0000021c03744a20, 0x0000021c03744af8]
Event: 421.086 Thread 0x0000021c0cd0a5b0 5855       1       java.net.Socket::isConnected (5 bytes)
Event: 421.086 Thread 0x0000021c0cd0a5b0 nmethod 5855 0x0000021c03744590 code [0x0000021c03744720, 0x0000021c037447f8]
Event: 433.996 Thread 0x0000021c0cd0a5b0 5856       1       org.apache.catalina.core.ContainerBase::getBackgroundProcessorDelay (5 bytes)
Event: 433.996 Thread 0x0000021c0cd0a5b0 nmethod 5856 0x0000021c03744290 code [0x0000021c03744420, 0x0000021c037444f8]
Event: 433.996 Thread 0x0000021c0cd0a5b0 5857       1       org.apache.catalina.valves.ValveBase::backgroundProcess (1 bytes)
Event: 433.996 Thread 0x0000021c0cd0a5b0 nmethod 5857 0x0000021c03743f90 code [0x0000021c03744120, 0x0000021c037441d8]
Event: 447.940 Thread 0x0000021c0cd0a5b0 5858       1       jdk.internal.loader.URLClassPath$FileLoader$1::getURL (5 bytes)
Event: 447.940 Thread 0x0000021c0cd0a5b0 nmethod 5858 0x0000021c03743c90 code [0x0000021c03743e20, 0x0000021c03743ef8]

GC Heap History (20 events):
Event: 2.096 GC heap before
{Heap before GC invocations=12 (full 0):
 garbage-first heap   total 61440K, used 51655K [0x0000000085800000, 0x0000000100000000)
  region size 1024K, 41 young (41984K), 4 survivors (4096K)
 Metaspace       used 36592K, committed 36928K, reserved 1081344K
  class space    used 4497K, committed 4672K, reserved 1048576K
}
Event: 2.100 GC heap after
{Heap after GC invocations=13 (full 0):
 garbage-first heap   total 61440K, used 16736K [0x0000000085800000, 0x0000000100000000)
  region size 1024K, 5 young (5120K), 5 survivors (5120K)
 Metaspace       used 36592K, committed 36928K, reserved 1081344K
  class space    used 4497K, committed 4672K, reserved 1048576K
}
Event: 2.259 GC heap before
{Heap before GC invocations=13 (full 0):
 garbage-first heap   total 61440K, used 47456K [0x0000000085800000, 0x0000000100000000)
  region size 1024K, 36 young (36864K), 5 survivors (5120K)
 Metaspace       used 37983K, committed 38336K, reserved 1089536K
  class space    used 4697K, committed 4864K, reserved 1048576K
}
Event: 2.265 GC heap after
{Heap after GC invocations=14 (full 0):
 garbage-first heap   total 83968K, used 17153K [0x0000000085800000, 0x0000000100000000)
  region size 1024K, 3 young (3072K), 3 survivors (3072K)
 Metaspace       used 37983K, committed 38336K, reserved 1089536K
  class space    used 4697K, committed 4864K, reserved 1048576K
}
Event: 2.517 GC heap before
{Heap before GC invocations=14 (full 0):
 garbage-first heap   total 83968K, used 64257K [0x0000000085800000, 0x0000000100000000)
  region size 1024K, 49 young (50176K), 3 survivors (3072K)
 Metaspace       used 42355K, committed 42688K, reserved 1089536K
  class space    used 5404K, committed 5568K, reserved 1048576K
}
Event: 2.521 GC heap after
{Heap after GC invocations=15 (full 0):
 garbage-first heap   total 83968K, used 18059K [0x0000000085800000, 0x0000000100000000)
  region size 1024K, 4 young (4096K), 4 survivors (4096K)
 Metaspace       used 42355K, committed 42688K, reserved 1089536K
  class space    used 5404K, committed 5568K, reserved 1048576K
}
Event: 2.824 GC heap before
{Heap before GC invocations=15 (full 0):
 garbage-first heap   total 83968K, used 64139K [0x0000000085800000, 0x0000000100000000)
  region size 1024K, 49 young (50176K), 4 survivors (4096K)
 Metaspace       used 49306K, committed 49728K, reserved 1097728K
  class space    used 6310K, committed 6528K, reserved 1048576K
}
Event: 2.829 GC heap after
{Heap after GC invocations=16 (full 0):
 garbage-first heap   total 83968K, used 19707K [0x0000000085800000, 0x0000000100000000)
  region size 1024K, 5 young (5120K), 5 survivors (5120K)
 Metaspace       used 49306K, committed 49728K, reserved 1097728K
  class space    used 6310K, committed 6528K, reserved 1048576K
}
Event: 3.023 GC heap before
{Heap before GC invocations=16 (full 0):
 garbage-first heap   total 83968K, used 64763K [0x0000000085800000, 0x0000000100000000)
  region size 1024K, 49 young (50176K), 5 survivors (5120K)
 Metaspace       used 52761K, committed 53184K, reserved 1097728K
  class space    used 6831K, committed 7040K, reserved 1048576K
}
Event: 3.029 GC heap after
{Heap after GC invocations=17 (full 0):
 garbage-first heap   total 83968K, used 20964K [0x0000000085800000, 0x0000000100000000)
  region size 1024K, 5 young (5120K), 5 survivors (5120K)
 Metaspace       used 52761K, committed 53184K, reserved 1097728K
  class space    used 6831K, committed 7040K, reserved 1048576K
}
Event: 3.274 GC heap before
{Heap before GC invocations=17 (full 0):
 garbage-first heap   total 83968K, used 64996K [0x0000000085800000, 0x0000000100000000)
  region size 1024K, 49 young (50176K), 5 survivors (5120K)
 Metaspace       used 56691K, committed 57088K, reserved 1105920K
  class space    used 7476K, committed 7680K, reserved 1048576K
}
Event: 3.280 GC heap after
{Heap after GC invocations=18 (full 0):
 garbage-first heap   total 101376K, used 21812K [0x0000000085800000, 0x0000000100000000)
  region size 1024K, 4 young (4096K), 4 survivors (4096K)
 Metaspace       used 56691K, committed 57088K, reserved 1105920K
  class space    used 7476K, committed 7680K, reserved 1048576K
}
Event: 3.500 GC heap before
{Heap before GC invocations=18 (full 0):
 garbage-first heap   total 101376K, used 58676K [0x0000000085800000, 0x0000000100000000)
  region size 1024K, 41 young (41984K), 4 survivors (4096K)
 Metaspace       used 60132K, committed 60480K, reserved 1105920K
  class space    used 7920K, committed 8128K, reserved 1048576K
}
Event: 3.505 GC heap after
{Heap after GC invocations=19 (full 0):
 garbage-first heap   total 101376K, used 22703K [0x0000000085800000, 0x0000000100000000)
  region size 1024K, 5 young (5120K), 5 survivors (5120K)
 Metaspace       used 60132K, committed 60480K, reserved 1105920K
  class space    used 7920K, committed 8128K, reserved 1048576K
}
Event: 3.926 GC heap before
{Heap before GC invocations=20 (full 0):
 garbage-first heap   total 89088K, used 70831K [0x0000000085800000, 0x0000000100000000)
  region size 1024K, 52 young (53248K), 5 survivors (5120K)
 Metaspace       used 62990K, committed 63360K, reserved 1105920K
  class space    used 8400K, committed 8576K, reserved 1048576K
}
Event: 3.930 GC heap after
{Heap after GC invocations=21 (full 0):
 garbage-first heap   total 89088K, used 24643K [0x0000000085800000, 0x0000000100000000)
  region size 1024K, 5 young (5120K), 5 survivors (5120K)
 Metaspace       used 62990K, committed 63360K, reserved 1105920K
  class space    used 8400K, committed 8576K, reserved 1048576K
}
Event: 3.932 GC heap before
{Heap before GC invocations=21 (full 0):
 garbage-first heap   total 89088K, used 25667K [0x0000000085800000, 0x0000000100000000)
  region size 1024K, 6 young (6144K), 5 survivors (5120K)
 Metaspace       used 62990K, committed 63360K, reserved 1105920K
  class space    used 8400K, committed 8576K, reserved 1048576K
}
Event: 3.935 GC heap after
{Heap after GC invocations=22 (full 0):
 garbage-first heap   total 89088K, used 24674K [0x0000000085800000, 0x0000000100000000)
  region size 1024K, 1 young (1024K), 1 survivors (1024K)
 Metaspace       used 62990K, committed 63360K, reserved 1105920K
  class space    used 8400K, committed 8576K, reserved 1048576K
}
Event: 4.237 GC heap before
{Heap before GC invocations=22 (full 0):
 garbage-first heap   total 89088K, used 73826K [0x0000000085800000, 0x0000000100000000)
  region size 1024K, 49 young (50176K), 1 survivors (1024K)
 Metaspace       used 66718K, committed 67072K, reserved 1114112K
  class space    used 8893K, committed 9088K, reserved 1048576K
}
Event: 4.239 GC heap after
{Heap after GC invocations=23 (full 0):
 garbage-first heap   total 89088K, used 26254K [0x0000000085800000, 0x0000000100000000)
  region size 1024K, 2 young (2048K), 2 survivors (2048K)
 Metaspace       used 66718K, committed 67072K, reserved 1114112K
  class space    used 8893K, committed 9088K, reserved 1048576K
}

Deoptimization events (20 events):
Event: 236.108 Thread 0x0000021c11da96f0 DEOPT PACKING pc=0x0000021c03f3007c sp=0x0000003b1a0fb960
Event: 236.108 Thread 0x0000021c11da96f0 DEOPT UNPACKING pc=0x0000021c03622b43 sp=0x0000003b1a0faeb8 mode 1
Event: 343.836 Thread 0x0000021c11da96f0 DEOPT PACKING pc=0x0000021c03ce4334 sp=0x0000003b1a0faf30
Event: 343.836 Thread 0x0000021c11da96f0 DEOPT UNPACKING pc=0x0000021c03622b43 sp=0x0000003b1a0fa490 mode 1
Event: 343.836 Thread 0x0000021c11da96f0 DEOPT PACKING pc=0x0000021c03e9b9dc sp=0x0000003b1a0fb050
Event: 343.836 Thread 0x0000021c11da96f0 DEOPT UNPACKING pc=0x0000021c03622b43 sp=0x0000003b1a0fa520 mode 1
Event: 343.851 Thread 0x0000021c11da96f0 DEOPT PACKING pc=0x0000021c03c63f6c sp=0x0000003b1a0f91c0
Event: 343.851 Thread 0x0000021c11da96f0 DEOPT UNPACKING pc=0x0000021c03622b43 sp=0x0000003b1a0f8698 mode 1
Event: 343.851 Thread 0x0000021c11da96f0 DEOPT PACKING pc=0x0000021c0404b25c sp=0x0000003b1a0f9cd0
Event: 343.851 Thread 0x0000021c11da96f0 DEOPT UNPACKING pc=0x0000021c03622b43 sp=0x0000003b1a0f91f8 mode 1
Event: 343.851 Thread 0x0000021c11da96f0 DEOPT PACKING pc=0x0000021c03fe907c sp=0x0000003b1a0f9db0
Event: 343.851 Thread 0x0000021c11da96f0 DEOPT UNPACKING pc=0x0000021c03622b43 sp=0x0000003b1a0f9250 mode 1
Event: 343.851 Thread 0x0000021c11da96f0 DEOPT PACKING pc=0x0000021c040484fc sp=0x0000003b1a0f9e00
Event: 343.851 Thread 0x0000021c11da96f0 DEOPT UNPACKING pc=0x0000021c03622b43 sp=0x0000003b1a0f92f0 mode 1
Event: 343.851 Thread 0x0000021c11da96f0 DEOPT PACKING pc=0x0000021c0404b25c sp=0x0000003b1a0fa7c0
Event: 343.851 Thread 0x0000021c11da96f0 DEOPT UNPACKING pc=0x0000021c03622b43 sp=0x0000003b1a0f9ce8 mode 1
Event: 343.851 Thread 0x0000021c11da96f0 DEOPT PACKING pc=0x0000021c03fe907c sp=0x0000003b1a0fa8a0
Event: 343.851 Thread 0x0000021c11da96f0 DEOPT UNPACKING pc=0x0000021c03622b43 sp=0x0000003b1a0f9d40 mode 1
Event: 343.851 Thread 0x0000021c11da96f0 DEOPT PACKING pc=0x0000021c040484fc sp=0x0000003b1a0fa8f0
Event: 343.851 Thread 0x0000021c11da96f0 DEOPT UNPACKING pc=0x0000021c03622b43 sp=0x0000003b1a0f9de0 mode 1

Classes unloaded (0 events):
No events

Classes redefined (2 events):
Event: 505.970 Thread 0x0000021c7f8f2180 redefined class name=com.example.demo2.service.UserServiceImpl, count=1
Event: 514.701 Thread 0x0000021c7f8f2180 redefined class name=com.example.demo2.service.UserServiceImpl, count=2

Internal exceptions (20 events):
Event: 4.008 Thread 0x0000021c7e0d1d50 Exception <a 'java/lang/reflect/InvocationTargetException'{0x000000008a1dc490}> (0x000000008a1dc490) 
thrown [e:\jenkins\tmp\workspace\build\src\src\hotspot\share\runtime\reflection.cpp, line 1121]
Event: 4.011 Thread 0x0000021c7e0d1d50 Exception <a 'java/lang/reflect/InvocationTargetException'{0x000000008a1ea1b8}> (0x000000008a1ea1b8) 
thrown [e:\jenkins\tmp\workspace\build\src\src\hotspot\share\runtime\reflection.cpp, line 1121]
Event: 4.035 Thread 0x0000021c7e0d1d50 Exception <a 'java/lang/ClassNotFoundException'{0x000000008a0a5070}: java/lang/ObjectCustomizer> (0x000000008a0a5070) 
thrown [e:\jenkins\tmp\workspace\build\src\src\hotspot\share\classfile\systemDictionary.cpp, line 256]
Event: 4.035 Thread 0x0000021c7e0d1d50 Exception <a 'java/lang/ClassNotFoundException'{0x000000008a0ad8a0}: org/springframework/security/config/annotation/web/configuration/WebSecurityConfigurationCustomizer> (0x000000008a0ad8a0) 
thrown [e:\jenkins\tmp\workspace\build\src\src\hotspot\share\classfile\systemDictionary.cpp, line 256]
Event: 4.035 Thread 0x0000021c7e0d1d50 Exception <a 'java/lang/ClassNotFoundException'{0x000000008a0baea8}: org/springframework/context/annotation/ImportAwareCustomizer> (0x000000008a0baea8) 
thrown [e:\jenkins\tmp\workspace\build\src\src\hotspot\share\classfile\systemDictionary.cpp, line 256]
Event: 4.036 Thread 0x0000021c7e0d1d50 Exception <a 'java/lang/ClassNotFoundException'{0x000000008a0c0318}: org/springframework/beans/factory/AwareCustomizer> (0x000000008a0c0318) 
thrown [e:\jenkins\tmp\workspace\build\src\src\hotspot\share\classfile\systemDictionary.cpp, line 256]
Event: 4.036 Thread 0x0000021c7e0d1d50 Exception <a 'java/lang/ClassNotFoundException'{0x000000008a0c4ce8}: org/springframework/beans/factory/BeanClassLoaderAwareCustomizer> (0x000000008a0c4ce8) 
thrown [e:\jenkins\tmp\workspace\build\src\src\hotspot\share\classfile\systemDictionary.cpp, line 256]
Event: 4.036 Thread 0x0000021c7e0d1d50 Exception <a 'java/lang/ClassNotFoundException'{0x000000008a0ca138}: org/springframework/beans/factory/AwareCustomizer> (0x000000008a0ca138) 
thrown [e:\jenkins\tmp\workspace\build\src\src\hotspot\share\classfile\systemDictionary.cpp, line 256]
Event: 4.172 Thread 0x0000021c0cdfe540 Exception <a 'java/lang/reflect/InvocationTargetException'{0x0000000088701bc0}> (0x0000000088701bc0) 
thrown [e:\jenkins\tmp\workspace\build\src\src\hotspot\share\runtime\reflection.cpp, line 1121]
Event: 4.181 Thread 0x0000021c7e0d1d50 Exception <a 'java/lang/IncompatibleClassChangeError'{0x0000000088662868}: Found class java.lang.Object, but interface was expected> (0x0000000088662868) 
thrown [e:\jenkins\tmp\workspace\build\src\src\hotspot\share\interpreter\linkResolver.cpp, line 833]
Event: 4.216 Thread 0x0000021c7e0d1d50 Exception <a 'java/lang/ClassNotFoundException'{0x0000000087f3be18}: java/lang/ObjectCustomizer> (0x0000000087f3be18) 
thrown [e:\jenkins\tmp\workspace\build\src\src\hotspot\share\classfile\systemDictionary.cpp, line 256]
Event: 4.216 Thread 0x0000021c7e0d1d50 Exception <a 'java/lang/ClassNotFoundException'{0x0000000087f44648}: org/springframework/security/config/annotation/web/configuration/HttpSecurityConfigurationCustomizer> (0x0000000087f44648) 
thrown [e:\jenkins\tmp\workspace\build\src\src\hotspot\share\classfile\systemDictionary.cpp, line 256]
Event: 4.249 Thread 0x0000021c7e0d1d50 Exception <a 'java/lang/NoSuchMethodError'{0x000000008d232a50}: 'void java.lang.invoke.DirectMethodHandle$Holder.invokeVirtual(java.lang.Object, java.lang.Object, int)'> (0x000000008d232a50) 
thrown [e:\jenkins\tmp\workspace\build\src\src\hotspot\share\interpreter\linkResolver.cpp, line 766]
Event: 4.250 Thread 0x0000021c7e0d1d50 Exception <a 'java/lang/NoSuchMethodError'{0x000000008d24d678}: 'void java.lang.invoke.DirectMethodHandle$Holder.invokeVirtual(java.lang.Object, java.lang.Object, long)'> (0x000000008d24d678) 
thrown [e:\jenkins\tmp\workspace\build\src\src\hotspot\share\interpreter\linkResolver.cpp, line 766]
Event: 4.355 Thread 0x0000021c7e0d1d50 Exception <a 'java/lang/NoSuchMethodError'{0x0000000089eb2770}: 'java.lang.Object java.lang.invoke.DirectMethodHandle$Holder.invokeSpecial(java.lang.Object, java.lang.Object, int, java.lang.Object, int, java.lang.Object)'> (0x0000000089eb2770) 
thrown [e:\jenkins\tmp\workspace\build\src\src\hotspot\share\interpreter\linkResolver.cpp, line 766]
Event: 4.355 Thread 0x0000021c7e0d1d50 Exception <a 'java/lang/NoSuchMethodError'{0x0000000089eba570}: 'java.lang.Object java.lang.invoke.DirectMethodHandle$Holder.newInvokeSpecial(java.lang.Object, java.lang.Object, int, java.lang.Object, int)'> (0x0000000089eba570) 
thrown [e:\jenkins\tmp\workspace\build\src\src\hotspot\share\interpreter\linkResolver.cpp, line 766]
Event: 4.355 Thread 0x0000021c7e0d1d50 Exception <a 'java/lang/NoSuchMethodError'{0x0000000089ebe670}: 'java.lang.Object java.lang.invoke.DirectMethodHandle$Holder.invokeSpecial(java.lang.Object, java.lang.Object, java.lang.Object, int, java.lang.Object, int)'> (0x0000000089ebe670) 
thrown [e:\jenkins\tmp\workspace\build\src\src\hotspot\share\interpreter\linkResolver.cpp, line 766]
Event: 4.356 Thread 0x0000021c7e0d1d50 Exception <a 'java/lang/NoSuchMethodError'{0x0000000089ecd810}: 'void java.lang.invoke.DirectMethodHandle$Holder.invokeVirtual(java.lang.Object, java.lang.Object)'> (0x0000000089ecd810) 
thrown [e:\jenkins\tmp\workspace\build\src\src\hotspot\share\interpreter\linkResolver.cpp, line 766]
Event: 343.851 Thread 0x0000021c11da96f0 Exception <a 'java/lang/reflect/InvocationTargetException'{0x00000000882ce328}> (0x00000000882ce328) 
thrown [e:\jenkins\tmp\workspace\build\src\src\hotspot\share\runtime\reflection.cpp, line 1121]
Event: 343.851 Thread 0x0000021c11da96f0 Exception <a 'java/lang/reflect/InvocationTargetException'{0x00000000882cf098}> (0x00000000882cf098) 
thrown [e:\jenkins\tmp\workspace\build\src\src\hotspot\share\runtime\reflection.cpp, line 1121]

VM Operations (20 events):
Event: 506.114 Executing VM operation: ChangeBreakpoints
Event: 506.115 Executing VM operation: ChangeBreakpoints done
Event: 506.124 Executing VM operation: ChangeBreakpoints
Event: 506.126 Executing VM operation: ChangeBreakpoints done
Event: 506.135 Executing VM operation: ChangeBreakpoints
Event: 506.136 Executing VM operation: ChangeBreakpoints done
Event: 506.146 Executing VM operation: ChangeBreakpoints
Event: 506.147 Executing VM operation: ChangeBreakpoints done
Event: 514.697 Executing VM operation: RedefineClasses
Event: 514.716 Executing VM operation: RedefineClasses done
Event: 514.732 Executing VM operation: ChangeBreakpoints
Event: 514.733 Executing VM operation: ChangeBreakpoints done
Event: 514.745 Executing VM operation: ChangeBreakpoints
Event: 514.746 Executing VM operation: ChangeBreakpoints done
Event: 514.757 Executing VM operation: ChangeBreakpoints
Event: 514.759 Executing VM operation: ChangeBreakpoints done
Event: 514.768 Executing VM operation: ChangeBreakpoints
Event: 514.769 Executing VM operation: ChangeBreakpoints done
Event: 514.779 Executing VM operation: ChangeBreakpoints
Event: 514.780 Executing VM operation: ChangeBreakpoints done

Events (20 events):
Event: 94.604 loading class java/time/zone/ZoneRules
Event: 94.605 loading class java/time/zone/ZoneRules done
Event: 94.605 loading class java/time/zone/ZoneOffsetTransitionRule
Event: 94.605 loading class java/time/zone/ZoneOffsetTransitionRule done
Event: 94.605 loading class java/time/format/DateTimeFormatterBuilder$ZoneTextPrinterParser
Event: 94.605 loading class java/time/format/DateTimeFormatterBuilder$ZoneTextPrinterParser done
Event: 94.605 loading class java/time/format/DateTimeFormatterBuilder$ReducedPrinterParser
Event: 94.605 loading class java/time/format/DateTimeFormatterBuilder$ReducedPrinterParser done
Event: 94.610 loading class java/util/OptionalLong
Event: 94.610 loading class java/util/OptionalLong done
Event: 94.610 loading class java/util/OptionalDouble
Event: 94.610 loading class java/util/OptionalDouble done
Event: 94.620 loading class java/util/concurrent/atomic/AtomicReferenceArray
Event: 94.621 loading class java/util/concurrent/atomic/AtomicReferenceArray done
Event: 94.621 loading class java/lang/invoke/VarHandleReferences$Array
Event: 94.621 loading class java/lang/invoke/VarHandleReferences$Array done
Event: 94.628 loading class java/util/stream/LongStream
Event: 94.628 loading class java/util/stream/LongStream done
Event: 94.628 loading class java/util/stream/DoubleStream
Event: 94.628 loading class java/util/stream/DoubleStream done


Dynamic libraries:
0x00007ff75b970000 - 0x00007ff75b97e000 	C:\Users\palas\OneDrive\Desktop\sts-4.13.1.RELEASE\plugins\org.eclipse.justj.openjdk.hotspot.jre.full.win32.x86_64_17.0.1.v20211116-1657\jre\bin\javaw.exe
0x00007ff8a1990000 - 0x00007ff8a1ba4000 	C:\WINDOWS\SYSTEM32\ntdll.dll
0x00007ff8a0d10000 - 0x00007ff8a0dd3000 	C:\WINDOWS\System32\KERNEL32.DLL
0x00007ff89f3e0000 - 0x00007ff89f77d000 	C:\WINDOWS\System32\KERNELBASE.dll
0x00007ff89f120000 - 0x00007ff89f231000 	C:\WINDOWS\System32\ucrtbase.dll
0x00007ff876770000 - 0x00007ff876789000 	C:\Users\palas\OneDrive\Desktop\sts-4.13.1.RELEASE\plugins\org.eclipse.justj.openjdk.hotspot.jre.full.win32.x86_64_17.0.1.v20211116-1657\jre\bin\VCRUNTIME140.dll
0x00007ff87ebd0000 - 0x00007ff87ebe8000 	C:\Users\palas\OneDrive\Desktop\sts-4.13.1.RELEASE\plugins\org.eclipse.justj.openjdk.hotspot.jre.full.win32.x86_64_17.0.1.v20211116-1657\jre\bin\jli.dll
0x00007ff8a0700000 - 0x00007ff8a08ad000 	C:\WINDOWS\System32\USER32.dll
0x00007ff89f3b0000 - 0x00007ff89f3d6000 	C:\WINDOWS\System32\win32u.dll
0x00007ff89f780000 - 0x00007ff89f7a9000 	C:\WINDOWS\System32\GDI32.dll
0x00007ff87ba00000 - 0x00007ff87bc8e000 	C:\WINDOWS\WinSxS\amd64_microsoft.windows.common-controls_6595b64144ccf1df_6.0.22621.436_none_a94247dbc10d8414\COMCTL32.dll
0x00007ff89f000000 - 0x00007ff89f112000 	C:\WINDOWS\System32\gdi32full.dll
0x00007ff8a01b0000 - 0x00007ff8a0257000 	C:\WINDOWS\System32\msvcrt.dll
0x00007ff89ef60000 - 0x00007ff89effa000 	C:\WINDOWS\System32\msvcp_win.dll
0x00007ff8a1700000 - 0x00007ff8a1732000 	C:\WINDOWS\System32\IMM32.DLL
0x00007ff876760000 - 0x00007ff87676c000 	C:\Users\palas\OneDrive\Desktop\sts-4.13.1.RELEASE\plugins\org.eclipse.justj.openjdk.hotspot.jre.full.win32.x86_64_17.0.1.v20211116-1657\jre\bin\vcruntime140_1.dll
0x00007ff8766c0000 - 0x00007ff876751000 	C:\Users\palas\OneDrive\Desktop\sts-4.13.1.RELEASE\plugins\org.eclipse.justj.openjdk.hotspot.jre.full.win32.x86_64_17.0.1.v20211116-1657\jre\bin\msvcp140.dll
0x00007ff843120000 - 0x00007ff843d66000 	C:\Users\palas\OneDrive\Desktop\sts-4.13.1.RELEASE\plugins\org.eclipse.justj.openjdk.hotspot.jre.full.win32.x86_64_17.0.1.v20211116-1657\jre\bin\server\jvm.dll
0x00007ff89f7c0000 - 0x00007ff89f86e000 	C:\WINDOWS\System32\ADVAPI32.dll
0x00007ff8a0420000 - 0x00007ff8a04c4000 	C:\WINDOWS\System32\sechost.dll
0x00007ff8a15e0000 - 0x00007ff8a16f5000 	C:\WINDOWS\System32\RPCRT4.dll
0x00007ff8a0260000 - 0x00007ff8a0268000 	C:\WINDOWS\System32\PSAPI.DLL
0x00007ff899450000 - 0x00007ff899459000 	C:\WINDOWS\SYSTEM32\WSOCK32.dll
0x00007ff88a0b0000 - 0x00007ff88a0e4000 	C:\WINDOWS\SYSTEM32\WINMM.dll
0x00007ff8a1740000 - 0x00007ff8a17b1000 	C:\WINDOWS\System32\WS2_32.dll
0x00007ff8978c0000 - 0x00007ff8978ca000 	C:\WINDOWS\SYSTEM32\VERSION.dll
0x00007ff89de10000 - 0x00007ff89de28000 	C:\WINDOWS\SYSTEM32\kernel.appcore.dll
0x00007ff883dd0000 - 0x00007ff883dda000 	C:\Users\palas\OneDrive\Desktop\sts-4.13.1.RELEASE\plugins\org.eclipse.justj.openjdk.hotspot.jre.full.win32.x86_64_17.0.1.v20211116-1657\jre\bin\jimage.dll
0x00007ff89c810000 - 0x00007ff89ca3e000 	C:\WINDOWS\SYSTEM32\DBGHELP.DLL
0x00007ff8a0980000 - 0x00007ff8a0d0a000 	C:\WINDOWS\System32\combase.dll
0x00007ff89f870000 - 0x00007ff89f947000 	C:\WINDOWS\System32\OLEAUT32.dll
0x00007ff88f370000 - 0x00007ff88f3a2000 	C:\WINDOWS\SYSTEM32\dbgcore.DLL
0x00007ff89ee70000 - 0x00007ff89eeeb000 	C:\WINDOWS\System32\bcryptPrimitives.dll
0x00007ff8990f0000 - 0x00007ff89912b000 	C:\Users\palas\OneDrive\Desktop\sts-4.13.1.RELEASE\plugins\org.eclipse.justj.openjdk.hotspot.jre.full.win32.x86_64_17.0.1.v20211116-1657\jre\bin\jdwp.dll
0x00007ff883dc0000 - 0x00007ff883dce000 	C:\Users\palas\OneDrive\Desktop\sts-4.13.1.RELEASE\plugins\org.eclipse.justj.openjdk.hotspot.jre.full.win32.x86_64_17.0.1.v20211116-1657\jre\bin\instrument.dll
0x00007ff87eba0000 - 0x00007ff87ebc5000 	C:\Users\palas\OneDrive\Desktop\sts-4.13.1.RELEASE\plugins\org.eclipse.justj.openjdk.hotspot.jre.full.win32.x86_64_17.0.1.v20211116-1657\jre\bin\java.dll
0x00007ff87eb80000 - 0x00007ff87eb98000 	C:\Users\palas\OneDrive\Desktop\sts-4.13.1.RELEASE\plugins\org.eclipse.justj.openjdk.hotspot.jre.full.win32.x86_64_17.0.1.v20211116-1657\jre\bin\zip.dll
0x00007ff89f950000 - 0x00007ff8a013f000 	C:\WINDOWS\System32\SHELL32.dll
0x00007ff89cde0000 - 0x00007ff89d6a8000 	C:\WINDOWS\SYSTEM32\windows.storage.dll
0x00007ff89cca0000 - 0x00007ff89cdde000 	C:\WINDOWS\SYSTEM32\wintypes.dll
0x00007ff8a0de0000 - 0x00007ff8a0ed1000 	C:\WINDOWS\System32\SHCORE.dll
0x00007ff8a0140000 - 0x00007ff8a019e000 	C:\WINDOWS\System32\shlwapi.dll
0x00007ff89ece0000 - 0x00007ff89ed01000 	C:\WINDOWS\SYSTEM32\profapi.dll
0x00007ff89bd40000 - 0x00007ff89bd4c000 	C:\Users\palas\OneDrive\Desktop\sts-4.13.1.RELEASE\plugins\org.eclipse.justj.openjdk.hotspot.jre.full.win32.x86_64_17.0.1.v20211116-1657\jre\bin\dt_socket.dll
0x00007ff89d900000 - 0x00007ff89d92d000 	C:\WINDOWS\SYSTEM32\IPHLPAPI.DLL
0x00007ff89e270000 - 0x00007ff89e2d9000 	C:\WINDOWS\system32\mswsock.dll
0x00007ff89d970000 - 0x00007ff89da62000 	C:\WINDOWS\SYSTEM32\DNSAPI.dll
0x00007ff8a01a0000 - 0x00007ff8a01a9000 	C:\WINDOWS\System32\NSI.dll
0x00007ff896be0000 - 0x00007ff896bea000 	C:\Windows\System32\rasadhlp.dll
0x00007ff897590000 - 0x00007ff897613000 	C:\WINDOWS\System32\fwpuclnt.dll
0x00007ff87eb60000 - 0x00007ff87eb79000 	C:\Users\palas\OneDrive\Desktop\sts-4.13.1.RELEASE\plugins\org.eclipse.justj.openjdk.hotspot.jre.full.win32.x86_64_17.0.1.v20211116-1657\jre\bin\net.dll
0x00007ff898430000 - 0x00007ff89855f000 	C:\WINDOWS\SYSTEM32\WINHTTP.dll
0x00007ff87eb40000 - 0x00007ff87eb55000 	C:\Users\palas\OneDrive\Desktop\sts-4.13.1.RELEASE\plugins\org.eclipse.justj.openjdk.hotspot.jre.full.win32.x86_64_17.0.1.v20211116-1657\jre\bin\nio.dll
0x00007ff876650000 - 0x00007ff876659000 	C:\Users\palas\OneDrive\Desktop\sts-4.13.1.RELEASE\plugins\org.eclipse.justj.openjdk.hotspot.jre.full.win32.x86_64_17.0.1.v20211116-1657\jre\bin\management.dll
0x00007ff876640000 - 0x00007ff87664b000 	C:\Users\palas\OneDrive\Desktop\sts-4.13.1.RELEASE\plugins\org.eclipse.justj.openjdk.hotspot.jre.full.win32.x86_64_17.0.1.v20211116-1657\jre\bin\management_ext.dll
0x00007ff88b1b0000 - 0x00007ff88b1c7000 	C:\WINDOWS\system32\napinsp.dll
0x00007ff88b190000 - 0x00007ff88b1ab000 	C:\WINDOWS\system32\pnrpnsp.dll
0x00007ff88b020000 - 0x00007ff88b031000 	C:\WINDOWS\System32\winrnr.dll
0x00007ff8986a0000 - 0x00007ff8986b5000 	C:\WINDOWS\system32\wshbth.dll
0x00007ff88aff0000 - 0x00007ff88b011000 	C:\WINDOWS\system32\nlansp_c.dll
0x00007ff89e4d0000 - 0x00007ff89e4eb000 	C:\WINDOWS\SYSTEM32\CRYPTSP.dll
0x00007ff89dd80000 - 0x00007ff89ddb5000 	C:\WINDOWS\system32\rsaenh.dll
0x00007ff89e360000 - 0x00007ff89e388000 	C:\WINDOWS\SYSTEM32\USERENV.dll
0x00007ff89e680000 - 0x00007ff89e6a8000 	C:\WINDOWS\SYSTEM32\bcrypt.dll
0x00007ff89e4c0000 - 0x00007ff89e4cc000 	C:\WINDOWS\SYSTEM32\CRYPTBASE.dll
0x00007ff8983f0000 - 0x00007ff898409000 	C:\WINDOWS\SYSTEM32\dhcpcsvc6.DLL
0x00007ff8982d0000 - 0x00007ff8982ef000 	C:\WINDOWS\SYSTEM32\dhcpcsvc.DLL
0x00007ff87eb30000 - 0x00007ff87eb40000 	C:\Users\palas\OneDrive\Desktop\sts-4.13.1.RELEASE\plugins\org.eclipse.justj.openjdk.hotspot.jre.full.win32.x86_64_17.0.1.v20211116-1657\jre\bin\verify.dll
0x00007ff8766b0000 - 0x00007ff8766be000 	C:\Users\palas\OneDrive\Desktop\sts-4.13.1.RELEASE\plugins\org.eclipse.justj.openjdk.hotspot.jre.full.win32.x86_64_17.0.1.v20211116-1657\jre\bin\sunmscapi.dll
0x00007ff89f240000 - 0x00007ff89f3a6000 	C:\WINDOWS\System32\CRYPT32.dll
0x00007ff89e650000 - 0x00007ff89e67d000 	C:\WINDOWS\SYSTEM32\ncrypt.dll
0x00007ff89e610000 - 0x00007ff89e647000 	C:\WINDOWS\SYSTEM32\NTASN1.dll
0x00007ff89a140000 - 0x00007ff89a148000 	C:\WINDOWS\system32\wshunix.dll

dbghelp: loaded successfully - version: 4.0.5 - missing functions: none
symbol engine: initialized successfully - sym options: 0x614 - pdb path: .;C:\Users\palas\OneDrive\Desktop\sts-4.13.1.RELEASE\plugins\org.eclipse.justj.openjdk.hotspot.jre.full.win32.x86_64_17.0.1.v20211116-1657\jre\bin;C:\WINDOWS\SYSTEM32;C:\WINDOWS\WinSxS\amd64_microsoft.windows.common-controls_6595b64144ccf1df_6.0.22621.436_none_a94247dbc10d8414;C:\Users\palas\OneDrive\Desktop\sts-4.13.1.RELEASE\plugins\org.eclipse.justj.openjdk.hotspot.jre.full.win32.x86_64_17.0.1.v20211116-1657\jre\bin\server

VM Arguments:
jvm_args: -XX:+ShowCodeDetailsInExceptionMessages -agentlib:jdwp=transport=dt_socket,suspend=y,address=localhost:61489 -Dcom.sun.management.jmxremote -Dcom.sun.management.jmxremote.port=61488 -Dcom.sun.management.jmxremote.authenticate=false -Dcom.sun.management.jmxremote.ssl=false -Djava.rmi.server.hostname=localhost -Dspring.jmx.enabled=true -Dspring.application.admin.enabled=true -XX:TieredStopAtLevel=1 -Dspring.boot.project.name=demo2 -javaagent:C:\Users\palas\OneDrive\Desktop\sts-4.13.1.RELEASE\configuration\org.eclipse.osgi\262\0\.cp\lib\javaagent-shaded.jar -Dfile.encoding=UTF-8 
java_command: com.example.demo2.Demo2Application --spring.output.ansi.enabled=always
java_class_path (initial): D:\projects\test project\demo2\target\classes;C:\Users\palas\.m2\repository\org\springframework\boot\spring-boot-starter-web\2.7.7-SNAPSHOT\spring-boot-starter-web-2.7.7-SNAPSHOT.jar;C:\Users\palas\.m2\repository\org\springframework\boot\spring-boot-starter-json\2.7.7-SNAPSHOT\spring-boot-starter-json-2.7.7-SNAPSHOT.jar;C:\Users\palas\.m2\repository\com\fasterxml\jackson\datatype\jackson-datatype-jdk8\2.13.4\jackson-datatype-jdk8-2.13.4.jar;C:\Users\palas\.m2\repository\com\fasterxml\jackson\module\jackson-module-parameter-names\2.13.4\jackson-module-parameter-names-2.13.4.jar;C:\Users\palas\.m2\repository\org\springframework\boot\spring-boot-starter-tomcat\2.7.7-SNAPSHOT\spring-boot-starter-tomcat-2.7.7-SNAPSHOT.jar;C:\Users\palas\.m2\repository\org\apache\tomcat\embed\tomcat-embed-core\9.0.70\tomcat-embed-core-9.0.70.jar;C:\Users\palas\.m2\repository\org\apache\tomcat\embed\tomcat-embed-el\9.0.70\tomcat-embed-el-9.0.70.jar;C:\Users\palas\.m2\repository\org\apache\tomcat\embed\tomcat-embed-websocket\9.0.70\tomcat-embed-websocket-9.0.70.jar;C:\Users\palas\.m2\repository\org\springframework\spring-web\5.3.24\spring-web-5.3.24.jar;C:\Users\palas\.m2\repository\org\springframework\spring-beans\5.3.24\spring-beans-5.3.24.jar;C:\Users\palas\.m2\repository\org\springframework\spring-webmvc\5.3.24\spring-webmvc-5.3.24.jar;C:\Users\palas\.m2\repository\org\springframework\spring-context\5.3.24\spring-context-5.3.24.jar;C:\Users\palas\.m2\repository\org\springframework\spring-expression\5.3.24\spring-expression-5.3.24.jar;C:\Users\palas\.m2\repository\io\jsonwebtoken\jjwt\0.9.1\jjwt-0.9.1.jar;C:\Users\palas\.m2\repository\com\fasterxml\jackson\core\jackson-databind\2.13.4.2\jackson-databind-2.13.4.2.jar;C:\Users\palas\.m2\repository\org\springframework\boot\spring-boot-starter-security\2.7.7-SNAPSHOT\spring-boot-starter-security-2.7.7-SNAPSHOT.jar;C:\Users\palas\.m2\repository\org\springframework\spring-aop\5.3.24\spring-aop-5.3.24.jar;C:\Users\p
Launcher Type: SUN_STANDARD

[Global flags]
     intx CICompilerCount                          = 4                                         {product} {ergonomic}
     uint ConcGCThreads                            = 2                                         {product} {ergonomic}
     uint G1ConcRefinementThreads                  = 8                                         {product} {ergonomic}
   size_t G1HeapRegionSize                         = 1048576                                   {product} {ergonomic}
    uintx GCDrainStackTargetSize                   = 64                                        {product} {ergonomic}
   size_t InitialHeapSize                          = 130023424                                 {product} {ergonomic}
     bool ManagementServer                         = true                                      {product} {command line}
   size_t MarkStackSize                            = 4194304                                   {product} {ergonomic}
   size_t MaxHeapSize                              = 2055208960                                {product} {ergonomic}
   size_t MaxNewSize                               = 1233125376                                {product} {ergonomic}
   size_t MinHeapDeltaBytes                        = 1048576                                   {product} {ergonomic}
   size_t MinHeapSize                              = 8388608                                   {product} {ergonomic}
    uintx NonProfiledCodeHeapSize                  = 0                                      {pd product} {ergonomic}
     bool ProfileInterpreter                       = false                                  {pd product} {command line}
    uintx ProfiledCodeHeapSize                     = 0                                      {pd product} {ergonomic}
     bool ShowCodeDetailsInExceptionMessages       = true                                   {manageable} {command line}
   size_t SoftMaxHeapSize                          = 2055208960                             {manageable} {ergonomic}
     intx TieredStopAtLevel                        = 1                                         {product} {command line}
     bool UseCompressedClassPointers               = true                           {product lp64_product} {ergonomic}
     bool UseCompressedOops                        = true                           {product lp64_product} {ergonomic}
     bool UseG1GC                                  = true                                      {product} {ergonomic}
     bool UseLargePagesIndividualAllocation        = false                                  {pd product} {ergonomic}

Logging:
Log output configuration:
 #0: stdout all=warning uptime,level,tags
 #1: stderr all=off uptime,level,tags

Environment Variables:
JAVA_HOME=C:\Program Files\java\jre1.8.0_333\bin
PATH=C:\Users\palas\OneDrive\Desktop\sts-4.13.1.RELEASE\plugins\org.eclipse.justj.openjdk.hotspot.jre.full.win32.x86_64_17.0.1.v20211116-1657\jre\bin;C:/Users/palas/OneDrive/Desktop/sts-4.13.1.RELEASE//plugins/org.eclipse.justj.openjdk.hotspot.jre.full.win32.x86_64_17.0.1.v20211116-1657/jre/bin/server;C:/Users/palas/OneDrive/Desktop/sts-4.13.1.RELEASE//plugins/org.eclipse.justj.openjdk.hotspot.jre.full.win32.x86_64_17.0.1.v20211116-1657/jre/bin;C:\Program Files (x86)\Common Files\Oracle\Java\javapath;C:\WINDOWS\system32;C:\WINDOWS;C:\WINDOWS\System32\Wbem;C:\WINDOWS\System32\WindowsPowerShell\v1.0\;C:\WINDOWS\System32\OpenSSH\;C:\Program Files\java\jdk-11.0.14\bin;C:\Program Files\Git\cmd;C:\Program Files\MySQL\MySQL Shell 8.0\bin\;C:\Program Files\Java\jdk1.8.0_321\bin;C:\Program Files\JetBrains\IntelliJ IDEA Community Edition 2021.3.2\bin;;C:\Program Files\java\jdk-11.0.14\bin;C:\Users\palas\AppData\Local\Microsoft\WindowsApps;;C:\Users\palas\OneDrive\Desktop\sts-4.13.1.RELEASE;
USERNAME=Its
OS=Windows_NT
PROCESSOR_IDENTIFIER=Intel64 Family 6 Model 165 Stepping 3, GenuineIntel



---------------  S Y S T E M  ---------------

OS:
 Windows 10 , 64 bit Build 22621 (10.0.22621.1037)
OS uptime: 0 days 7:18 hours

CPU: total 8 (initial active 8) (4 cores per cpu, 2 threads per core) family 6 model 165 stepping 3 microcode 0xe0, cx8, cmov, fxsr, ht, mmx, 3dnowpref, sse, sse2, sse3, ssse3, sse4.1, sse4.2, popcnt, lzcnt, tsc, tscinvbit, avx, avx2, aes, erms, clmul, bmi1, bmi2, adx, fma, vzeroupper, clflush, clflushopt

Memory: 4k page, system-wide physical 7835M (1797M free)
TotalPageFile size 11163M (AvailPageFile size 2252M)
current process WorkingSet (physical memory assigned to process): 243M, peak: 243M
current process commit charge ("private bytes"): 273M, peak: 273M

vm_info: OpenJDK 64-Bit Server VM (17.0.1+12) for windows-amd64 JRE (17.0.1+12), built on Oct 20 2021 07:42:55 by "" with MS VC++ 16.7 (VS2019)

END.
